#
# There is insufficient memory for the Java Runtime Environment to continue.
# Native memory allocation (malloc) failed to allocate 1048576 bytes for AllocateHeap
# Possible reasons:
#   The system is out of physical RAM or swap space
#   In 32 bit mode, the process size limit was hit
# Possible solutions:
#   Reduce memory load on the system
#   Increase physical memory or swap space
#   Check if swap backing store is full
#   Use 64 bit Java on a 64 bit OS
#   Decrease Java heap size (-Xmx/-Xms)
#   Decrease number of Java threads
#   Decrease Java thread stack sizes (-Xss)
#   Set larger code cache with -XX:ReservedCodeCacheSize=
# This output file may be truncated or incomplete.
#
#  Out of Memory Error (memory/allocation.inline.hpp:61), pid=4416, tid=0x00000000000001d8
#
# JRE version:  (8.0_181-b13) (build )
# Java VM: Java HotSpot(TM) 64-Bit Server VM (25.181-b13 mixed mode windows-amd64 compressed oops)
# Failed to write core dump. Minidumps are not enabled by default on client versions of Windows
#

---------------  T H R E A D  ---------------

Current thread (0x0000000002cee800):  JavaThread "Unknown thread" [_thread_in_vm, id=472, stack(0x0000000002d90000,0x0000000002e90000)]

Stack: [0x0000000002d90000,0x0000000002e90000]
[error occurred during error reporting (printing stack bounds), id 0xc0000005]

Native frames: (J=compiled Java code, j=interpreted, Vv=VM code, C=native code)


---------------  P R O C E S S  ---------------

Java Threads: ( => current thread )

Other Threads:

=>0x0000000002cee800 (exited) JavaThread "Unknown thread" [_thread_in_vm, id=472, stack(0x0000000002d90000,0x0000000002e90000)]

VM state:not at safepoint (normal execution)

VM Mutex/Monitor currently owned by a thread: None

Heap:
 PSYoungGen      total 76288K, used 1310K [0x000000076b000000, 0x0000000770500000, 0x00000007c0000000)
  eden space 65536K, 2% used [0x000000076b000000,0x000000076b147af0,0x000000076f000000)
  from space 10752K, 0% used [0x000000076fa80000,0x000000076fa80000,0x0000000770500000)
  to   space 10752K, 0% used [0x000000076f000000,0x000000076f000000,0x000000076fa80000)
 ParOldGen       total 175104K, used 0K [0x00000006c1000000, 0x00000006cbb00000, 0x000000076b000000)
  object space 175104K, 0% used [0x00000006c1000000,0x00000006c1000000,0x00000006cbb00000)
 Metaspace       used 775K, capacity 4480K, committed 4480K, reserved 1056768K
  class space    used 76K, capacity 384K, committed 384K, reserved 1048576K

Card table byte_map: [0x0000000012350000,0x0000000012b50000] byte_map_base: 0x000000000ed48000

Marking Bits: (ParMarkBitMap*) 0x000000006fab2d00
 Begin Bits: [0x00000000134a0000, 0x0000000017460000)
 End Bits:   [0x0000000017460000, 0x000000001b420000)

Polling page: 0x0000000000f80000

CodeCache: size=245760Kb used=328Kb max_used=328Kb free=245431Kb
 bounds [0x0000000002f90000, 0x0000000003200000, 0x0000000011f90000]
 total_blobs=58 nmethods=0 adapters=38
 compilation: enabled

Compilation events (0 events):
No events

GC Heap History (0 events):
No events

Deoptimization events (0 events):
No events

Classes redefined (0 events):
No events

Internal exceptions (0 events):
No events

Events (10 events):
Event: 0.019 loading class java/lang/Short
Event: 0.019 loading class java/lang/Short done
Event: 0.019 loading class java/lang/Integer
Event: 0.020 loading class java/lang/Integer done
Event: 0.020 loading class java/lang/Long
Event: 0.020 loading class java/lang/Long done
Event: 0.020 loading class java/lang/NullPointerException
Event: 0.020 loading class java/lang/NullPointerException done
Event: 0.020 loading class java/lang/ArithmeticException
Event: 0.020 loading class java/lang/ArithmeticException done


Dynamic libraries:
0x00007ff620e90000 - 0x00007ff620ec7000 	C:\Program Files\Java\jdk1.8.0_181\bin\java.exe
0x00007fffb9aa0000 - 0x00007fffb9c81000 	C:\WINDOWS\SYSTEM32\ntdll.dll
0x00007fffb8b40000 - 0x00007fffb8bf2000 	C:\WINDOWS\System32\KERNEL32.DLL
0x00007fffb6680000 - 0x00007fffb68f3000 	C:\WINDOWS\System32\KERNELBASE.dll
0x00007fffb6f30000 - 0x00007fffb6fd1000 	C:\WINDOWS\System32\ADVAPI32.dll
0x00007fffb75c0000 - 0x00007fffb765e000 	C:\WINDOWS\System32\msvcrt.dll
0x00007fffb9a10000 - 0x00007fffb9a6b000 	C:\WINDOWS\System32\sechost.dll
0x00007fffb72d0000 - 0x00007fffb73f4000 	C:\WINDOWS\System32\RPCRT4.dll
0x00007fffb7400000 - 0x00007fffb7590000 	C:\WINDOWS\System32\USER32.dll
0x00007fffb6e70000 - 0x00007fffb6e90000 	C:\WINDOWS\System32\win32u.dll
0x00007fffb7590000 - 0x00007fffb75b8000 	C:\WINDOWS\System32\GDI32.dll
0x00007fffb6ba0000 - 0x00007fffb6d32000 	C:\WINDOWS\System32\gdi32full.dll
0x00007fffb6e90000 - 0x00007fffb6f2f000 	C:\WINDOWS\System32\msvcp_win.dll
0x00007fffb6580000 - 0x00007fffb667a000 	C:\WINDOWS\System32\ucrtbase.dll
0x00007fffac530000 - 0x00007fffac799000 	C:\WINDOWS\WinSxS\amd64_microsoft.windows.common-controls_6595b64144ccf1df_6.0.17134.345_none_fb429a5930656358\COMCTL32.dll
0x00007fffb9270000 - 0x00007fffb9593000 	C:\WINDOWS\System32\combase.dll
0x00007fffb6d40000 - 0x00007fffb6dba000 	C:\WINDOWS\System32\bcryptPrimitives.dll
0x00007fffb7660000 - 0x00007fffb768d000 	C:\WINDOWS\System32\IMM32.DLL
0x000000006fb40000 - 0x000000006fc12000 	C:\Program Files\Java\jdk1.8.0_181\jre\bin\msvcr100.dll
0x000000006f290000 - 0x000000006fb32000 	C:\Program Files\Java\jdk1.8.0_181\jre\bin\server\jvm.dll
0x00007fffb7260000 - 0x00007fffb7268000 	C:\WINDOWS\System32\PSAPI.DLL
0x00007fffab780000 - 0x00007fffab789000 	C:\WINDOWS\SYSTEM32\WSOCK32.dll
0x00007fffb4000000 - 0x00007fffb4023000 	C:\WINDOWS\SYSTEM32\WINMM.dll
0x00007fffb0240000 - 0x00007fffb024a000 	C:\WINDOWS\SYSTEM32\VERSION.dll
0x00007fffb7690000 - 0x00007fffb76fc000 	C:\WINDOWS\System32\WS2_32.dll
0x00007fffb3fa0000 - 0x00007fffb3fca000 	C:\WINDOWS\SYSTEM32\winmmbase.dll
0x00007fffb6e20000 - 0x00007fffb6e69000 	C:\WINDOWS\System32\cfgmgr32.dll
0x000000006f280000 - 0x000000006f28f000 	C:\Program Files\Java\jdk1.8.0_181\jre\bin\verify.dll
0x000000006f250000 - 0x000000006f279000 	C:\Program Files\Java\jdk1.8.0_181\jre\bin\java.dll
0x000000006f230000 - 0x000000006f246000 	C:\Program Files\Java\jdk1.8.0_181\jre\bin\zip.dll

VM Arguments:
jvm_args: -Dorg.gradle.appname=gradlew 
java_command: org.gradle.wrapper.GradleWrapperMain test
java_class_path (initial): C:\Users\jeffmayn\Desktop\NS6\\gradle\wrapper\gradle-wrapper.jar
Launcher Type: SUN_STANDARD

Environment Variables:
JAVA_HOME=C:\Program Files\Java\jdk1.8.0_181
CLASSPATH=C:\Users\jeffmayn\Desktop\NS6\\gradle\wrapper\gradle-wrapper.jar
PATH=C:\Program Files (x86)\Intel\iCLS Client\;C:\Program Files\Intel\iCLS Client\;C:\Windows\system32;C:\Windows;C:\Windows\System32\Wbem;C:\Windows\System32\WindowsPowerShell\v1.0\;C:\Program Files (x86)\NVIDIA Corporation\PhysX\Common;C:\Program Files (x86)\Intel\Intel(R) Management Engine Components\DAL;C:\Program Files\Intel\Intel(R) Management Engine Components\DAL;C:\Program Files (x86)\Intel\Intel(R) Management Engine Components\IPT;C:\Program Files\Intel\Intel(R) Management Engine Components\IPT;C:\WINDOWS\system32;C:\WINDOWS;C:\WINDOWS\System32\Wbem;C:\WINDOWS\System32\WindowsPowerShell\v1.0\;C:\WINDOWS\System32\OpenSSH\;C:\Program Files\Git\cmd;C:\Program Files\Java\jdk1.8.0_181\bin;C:\Users\jeffmayn\AppData\Local\Microsoft\WindowsApps;C:\Users\jeffmayn\AppData\Local\atom\bin;C:\Program Files\Java\jdk1.8.0_181\bin\javac.exe
USERNAME=jeffmayn
OS=Windows_NT
PROCESSOR_IDENTIFIER=Intel64 Family 6 Model 94 Stepping 3, GenuineIntel



---------------  S Y S T E M  ---------------

OS: Windows 10.0 , 64 bit Build 17134 (10.0.17134.1)

CPU:total 4 (initial active 4) (4 cores per cpu, 1 threads per core) family 6 model 94 stepping 3, cmov, cx8, fxsr, mmx, sse, sse2, sse3, ssse3, sse4.1, sse4.2, popcnt, avx, avx2, aes, clmul, erms, rtm, 3dnowpref, lzcnt, tsc, tscinvbit, bmi1, bmi2, adx

Memory: 4k page, physical 16704604k(3330328k free), swap 22239568k(5508k free)

vm_info: Java HotSpot(TM) 64-Bit Server VM (25.181-b13) for windows-amd64 JRE (1.8.0_181-b13), built on Jul  7 2018 04:01:33 by "java_re" with MS VC++ 10.0 (VS2010)

time: Wed Nov 14 18:47:27 2018
elapsed time: 0 seconds (0d 0h 0m 0s)

